2012-08-24 11:21:26 Error: [MissingTableException] Table Array for model Livro was not found in datasource default.
#0 /Users/eu/Desktop/WEB/WEBSITES/biblioteca-cakephp/lib/Cake/Model/Model.php(3180): Model->setSource(Array)
#1 /Users/eu/Desktop/WEB/WEBSITES/biblioteca-cakephp/lib/Cake/Model/Model.php(1301): Model->getDataSource()
#2 /Users/eu/Desktop/WEB/WEBSITES/biblioteca-cakephp/lib/Cake/Model/Model.php(1389): Model->schema()
#3 /Users/eu/Desktop/WEB/WEBSITES/biblioteca-cakephp/app/Plugin/MeioUpload/Model/Behavior/MeioUploadBehavior.php(261): Model->hasField('capa')
#4 /Users/eu/Desktop/WEB/WEBSITES/biblioteca-cakephp/lib/Cake/Model/BehaviorCollection.php(148): MeioUploadBehavior->setup(Object(Livro), Array)
#5 /Users/eu/Desktop/WEB/WEBSITES/biblioteca-cakephp/lib/Cake/Model/BehaviorCollection.php(68): BehaviorCollection->load('MeioUpload.Meio...', Array)
#6 /Users/eu/Desktop/WEB/WEBSITES/biblioteca-cakephp/lib/Cake/Model/Model.php(733): BehaviorCollection->init('Livro', Array)
#7 [internal function]: Model->__construct(Array)
#8 /Users/eu/Desktop/WEB/WEBSITES/biblioteca-cakephp/lib/Cake/Utility/ClassRegistry.php(156): ReflectionClass->newInstance(Array)
#9 /Users/eu/Desktop/WEB/WEBSITES/biblioteca-cakephp/lib/Cake/Controller/Controller.php(734): ClassRegistry::init(Array)
#10 /Users/eu/Desktop/WEB/WEBSITES/biblioteca-cakephp/lib/Cake/Controller/Controller.php(366): Controller->loadModel('Livro')
#11 /Users/eu/Desktop/WEB/WEBSITES/biblioteca-cakephp/lib/Cake/Controller/Controller.php(404): Controller->__isset('Livro')
#12 /Users/eu/Desktop/WEB/WEBSITES/biblioteca-cakephp/app/Controller/LivrosController.php(37): Controller->__get('Livro')
#13 [internal function]: LivrosController->editar('2')
#14 /Users/eu/Desktop/WEB/WEBSITES/biblioteca-cakephp/lib/Cake/Controller/Controller.php(485): ReflectionMethod->invokeArgs(Object(LivrosController), Array)
#15 /Users/eu/Desktop/WEB/WEBSITES/biblioteca-cakephp/lib/Cake/Routing/Dispatcher.php(186): Controller->invokeAction(Object(CakeRequest))
#16 /Users/eu/Desktop/WEB/WEBSITES/biblioteca-cakephp/lib/Cake/Routing/Dispatcher.php(161): Dispatcher->_invoke(Object(LivrosController), Object(CakeRequest), Object(CakeResponse))
#17 /Users/eu/Desktop/WEB/WEBSITES/biblioteca-cakephp/app/webroot/index.php(92): Dispatcher->dispatch(Object(CakeRequest), Object(CakeResponse))
#18 {main}
2012-08-24 11:21:33 Error: [MissingTableException] Table Array for model Livro was not found in datasource default.
#0 /Users/eu/Desktop/WEB/WEBSITES/biblioteca-cakephp/lib/Cake/Model/Model.php(3180): Model->setSource(Array)
#1 /Users/eu/Desktop/WEB/WEBSITES/biblioteca-cakephp/lib/Cake/Model/Model.php(1301): Model->getDataSource()
#2 /Users/eu/Desktop/WEB/WEBSITES/biblioteca-cakephp/lib/Cake/Model/Model.php(1389): Model->schema()
#3 /Users/eu/Desktop/WEB/WEBSITES/biblioteca-cakephp/app/Plugin/MeioUpload/Model/Behavior/MeioUploadBehavior.php(261): Model->hasField('capa')
#4 /Users/eu/Desktop/WEB/WEBSITES/biblioteca-cakephp/lib/Cake/Model/BehaviorCollection.php(148): MeioUploadBehavior->setup(Object(Livro), Array)
#5 /Users/eu/Desktop/WEB/WEBSITES/biblioteca-cakephp/lib/Cake/Model/BehaviorCollection.php(68): BehaviorCollection->load('MeioUpload.Meio...', Array)
#6 /Users/eu/Desktop/WEB/WEBSITES/biblioteca-cakephp/lib/Cake/Model/Model.php(733): BehaviorCollection->init('Livro', Array)
#7 [internal function]: Model->__construct(Array)
#8 /Users/eu/Desktop/WEB/WEBSITES/biblioteca-cakephp/lib/Cake/Utility/ClassRegistry.php(156): ReflectionClass->newInstance(Array)
#9 /Users/eu/Desktop/WEB/WEBSITES/biblioteca-cakephp/lib/Cake/Controller/Controller.php(734): ClassRegistry::init(Array)
#10 /Users/eu/Desktop/WEB/WEBSITES/biblioteca-cakephp/lib/Cake/Controller/Controller.php(366): Controller->loadModel('Livro')
#11 /Users/eu/Desktop/WEB/WEBSITES/biblioteca-cakephp/lib/Cake/Controller/Controller.php(404): Controller->__isset('Livro')
#12 /Users/eu/Desktop/WEB/WEBSITES/biblioteca-cakephp/app/Controller/LivrosController.php(37): Controller->__get('Livro')
#13 [internal function]: LivrosController->editar('2')
#14 /Users/eu/Desktop/WEB/WEBSITES/biblioteca-cakephp/lib/Cake/Controller/Controller.php(485): ReflectionMethod->invokeArgs(Object(LivrosController), Array)
#15 /Users/eu/Desktop/WEB/WEBSITES/biblioteca-cakephp/lib/Cake/Routing/Dispatcher.php(186): Controller->invokeAction(Object(CakeRequest))
#16 /Users/eu/Desktop/WEB/WEBSITES/biblioteca-cakephp/lib/Cake/Routing/Dispatcher.php(161): Dispatcher->_invoke(Object(LivrosController), Object(CakeRequest), Object(CakeResponse))
#17 /Users/eu/Desktop/WEB/WEBSITES/biblioteca-cakephp/app/webroot/index.php(92): Dispatcher->dispatch(Object(CakeRequest), Object(CakeResponse))
#18 {main}
2012-08-24 11:21:39 Error: [MissingTableException] Table Array for model Livro was not found in datasource default.
#0 /Users/eu/Desktop/WEB/WEBSITES/biblioteca-cakephp/lib/Cake/Model/Model.php(3180): Model->setSource(Array)
#1 /Users/eu/Desktop/WEB/WEBSITES/biblioteca-cakephp/lib/Cake/Model/Model.php(1301): Model->getDataSource()
#2 /Users/eu/Desktop/WEB/WEBSITES/biblioteca-cakephp/lib/Cake/Model/Model.php(1389): Model->schema()
#3 /Users/eu/Desktop/WEB/WEBSITES/biblioteca-cakephp/app/Plugin/MeioUpload/Model/Behavior/MeioUploadBehavior.php(261): Model->hasField('capa')
#4 /Users/eu/Desktop/WEB/WEBSITES/biblioteca-cakephp/lib/Cake/Model/BehaviorCollection.php(148): MeioUploadBehavior->setup(Object(Livro), Array)
#5 /Users/eu/Desktop/WEB/WEBSITES/biblioteca-cakephp/lib/Cake/Model/BehaviorCollection.php(68): BehaviorCollection->load('MeioUpload.Meio...', Array)
#6 /Users/eu/Desktop/WEB/WEBSITES/biblioteca-cakephp/lib/Cake/Model/Model.php(733): BehaviorCollection->init('Livro', Array)
#7 [internal function]: Model->__construct(Array)
#8 /Users/eu/Desktop/WEB/WEBSITES/biblioteca-cakephp/lib/Cake/Utility/ClassRegistry.php(156): ReflectionClass->newInstance(Array)
#9 /Users/eu/Desktop/WEB/WEBSITES/biblioteca-cakephp/lib/Cake/Controller/Controller.php(734): ClassRegistry::init(Array)
#10 /Users/eu/Desktop/WEB/WEBSITES/biblioteca-cakephp/lib/Cake/Controller/Controller.php(366): Controller->loadModel('Livro')
#11 /Users/eu/Desktop/WEB/WEBSITES/biblioteca-cakephp/lib/Cake/Controller/Controller.php(404): Controller->__isset('Livro')
#12 /Users/eu/Desktop/WEB/WEBSITES/biblioteca-cakephp/app/Controller/LivrosController.php(37): Controller->__get('Livro')
#13 [internal function]: LivrosController->editar('2')
#14 /Users/eu/Desktop/WEB/WEBSITES/biblioteca-cakephp/lib/Cake/Controller/Controller.php(485): ReflectionMethod->invokeArgs(Object(LivrosController), Array)
#15 /Users/eu/Desktop/WEB/WEBSITES/biblioteca-cakephp/lib/Cake/Routing/Dispatcher.php(186): Controller->invokeAction(Object(CakeRequest))
#16 /Users/eu/Desktop/WEB/WEBSITES/biblioteca-cakephp/lib/Cake/Routing/Dispatcher.php(161): Dispatcher->_invoke(Object(LivrosController), Object(CakeRequest), Object(CakeResponse))
#17 /Users/eu/Desktop/WEB/WEBSITES/biblioteca-cakephp/app/webroot/index.php(92): Dispatcher->dispatch(Object(CakeRequest), Object(CakeResponse))
#18 {main}
2012-08-24 11:21:39 Error: [MissingTableException] Table Array for model Livro was not found in datasource default.
#0 /Users/eu/Desktop/WEB/WEBSITES/biblioteca-cakephp/lib/Cake/Model/Model.php(3180): Model->setSource(Array)
#1 /Users/eu/Desktop/WEB/WEBSITES/biblioteca-cakephp/lib/Cake/Model/Model.php(1301): Model->getDataSource()
#2 /Users/eu/Desktop/WEB/WEBSITES/biblioteca-cakephp/lib/Cake/Model/Model.php(1389): Model->schema()
#3 /Users/eu/Desktop/WEB/WEBSITES/biblioteca-cakephp/app/Plugin/MeioUpload/Model/Behavior/MeioUploadBehavior.php(261): Model->hasField('capa')
#4 /Users/eu/Desktop/WEB/WEBSITES/biblioteca-cakephp/lib/Cake/Model/BehaviorCollection.php(148): MeioUploadBehavior->setup(Object(Livro), Array)
#5 /Users/eu/Desktop/WEB/WEBSITES/biblioteca-cakephp/lib/Cake/Model/BehaviorCollection.php(68): BehaviorCollection->load('MeioUpload.Meio...', Array)
#6 /Users/eu/Desktop/WEB/WEBSITES/biblioteca-cakephp/lib/Cake/Model/Model.php(733): BehaviorCollection->init('Livro', Array)
#7 [internal function]: Model->__construct(Array)
#8 /Users/eu/Desktop/WEB/WEBSITES/biblioteca-cakephp/lib/Cake/Utility/ClassRegistry.php(156): ReflectionClass->newInstance(Array)
#9 /Users/eu/Desktop/WEB/WEBSITES/biblioteca-cakephp/lib/Cake/Controller/Controller.php(734): ClassRegistry::init(Array)
#10 /Users/eu/Desktop/WEB/WEBSITES/biblioteca-cakephp/lib/Cake/Controller/Controller.php(366): Controller->loadModel('Livro')
#11 /Users/eu/Desktop/WEB/WEBSITES/biblioteca-cakephp/lib/Cake/Controller/Controller.php(404): Controller->__isset('Livro')
#12 /Users/eu/Desktop/WEB/WEBSITES/biblioteca-cakephp/app/Controller/LivrosController.php(37): Controller->__get('Livro')
#13 [internal function]: LivrosController->editar('2')
#14 /Users/eu/Desktop/WEB/WEBSITES/biblioteca-cakephp/lib/Cake/Controller/Controller.php(485): ReflectionMethod->invokeArgs(Object(LivrosController), Array)
#15 /Users/eu/Desktop/WEB/WEBSITES/biblioteca-cakephp/lib/Cake/Routing/Dispatcher.php(186): Controller->invokeAction(Object(CakeRequest))
#16 /Users/eu/Desktop/WEB/WEBSITES/biblioteca-cakephp/lib/Cake/Routing/Dispatcher.php(161): Dispatcher->_invoke(Object(LivrosController), Object(CakeRequest), Object(CakeResponse))
#17 /Users/eu/Desktop/WEB/WEBSITES/biblioteca-cakephp/app/webroot/index.php(92): Dispatcher->dispatch(Object(CakeRequest), Object(CakeResponse))
#18 {main}
2012-08-24 11:21:53 Error: [MissingTableException] Table Array for model Livro was not found in datasource default.
#0 /Users/eu/Desktop/WEB/WEBSITES/biblioteca-cakephp/lib/Cake/Model/Model.php(3180): Model->setSource(Array)
#1 /Users/eu/Desktop/WEB/WEBSITES/biblioteca-cakephp/lib/Cake/Model/Model.php(1301): Model->getDataSource()
#2 /Users/eu/Desktop/WEB/WEBSITES/biblioteca-cakephp/lib/Cake/Model/Model.php(1389): Model->schema()
#3 /Users/eu/Desktop/WEB/WEBSITES/biblioteca-cakephp/app/Plugin/MeioUpload/Model/Behavior/MeioUploadBehavior.php(261): Model->hasField('capa')
#4 /Users/eu/Desktop/WEB/WEBSITES/biblioteca-cakephp/lib/Cake/Model/BehaviorCollection.php(148): MeioUploadBehavior->setup(Object(Livro), Array)
#5 /Users/eu/Desktop/WEB/WEBSITES/biblioteca-cakephp/lib/Cake/Model/BehaviorCollection.php(68): BehaviorCollection->load('MeioUpload.Meio...', Array)
#6 /Users/eu/Desktop/WEB/WEBSITES/biblioteca-cakephp/lib/Cake/Model/Model.php(733): BehaviorCollection->init('Livro', Array)
#7 [internal function]: Model->__construct(Array)
#8 /Users/eu/Desktop/WEB/WEBSITES/biblioteca-cakephp/lib/Cake/Utility/ClassRegistry.php(156): ReflectionClass->newInstance(Array)
#9 /Users/eu/Desktop/WEB/WEBSITES/biblioteca-cakephp/lib/Cake/Controller/Controller.php(734): ClassRegistry::init(Array)
#10 /Users/eu/Desktop/WEB/WEBSITES/biblioteca-cakephp/lib/Cake/Controller/Controller.php(366): Controller->loadModel('Livro')
#11 /Users/eu/Desktop/WEB/WEBSITES/biblioteca-cakephp/lib/Cake/Controller/Controller.php(404): Controller->__isset('Livro')
#12 /Users/eu/Desktop/WEB/WEBSITES/biblioteca-cakephp/app/Controller/LivrosController.php(37): Controller->__get('Livro')
#13 [internal function]: LivrosController->editar('2')
#14 /Users/eu/Desktop/WEB/WEBSITES/biblioteca-cakephp/lib/Cake/Controller/Controller.php(485): ReflectionMethod->invokeArgs(Object(LivrosController), Array)
#15 /Users/eu/Desktop/WEB/WEBSITES/biblioteca-cakephp/lib/Cake/Routing/Dispatcher.php(186): Controller->invokeAction(Object(CakeRequest))
#16 /Users/eu/Desktop/WEB/WEBSITES/biblioteca-cakephp/lib/Cake/Routing/Dispatcher.php(161): Dispatcher->_invoke(Object(LivrosController), Object(CakeRequest), Object(CakeResponse))
#17 /Users/eu/Desktop/WEB/WEBSITES/biblioteca-cakephp/app/webroot/index.php(92): Dispatcher->dispatch(Object(CakeRequest), Object(CakeResponse))
#18 {main}
2012-08-24 11:44:18 Error: [MissingHelperException] Helper class AttachmentHelper could not be found.
#0 /Users/eu/Desktop/WEB/WEBSITES/biblioteca-cakephp/lib/Cake/View/HelperCollection.php(62): HelperCollection->load('Attachment')
#1 /Users/eu/Desktop/WEB/WEBSITES/biblioteca-cakephp/lib/Cake/View/View.php(812): HelperCollection->__isset('Attachment')
#2 /Users/eu/Desktop/WEB/WEBSITES/biblioteca-cakephp/app/View/Livros/editar.ctp(37): View->__get('Attachment')
#3 /Users/eu/Desktop/WEB/WEBSITES/biblioteca-cakephp/lib/Cake/View/View.php(920): include('/Users/eu/Deskt...')
#4 /Users/eu/Desktop/WEB/WEBSITES/biblioteca-cakephp/lib/Cake/View/View.php(883): View->_evaluate('/Users/eu/Deskt...', Array)
#5 /Users/eu/Desktop/WEB/WEBSITES/biblioteca-cakephp/lib/Cake/View/View.php(475): View->_render('/Users/eu/Deskt...')
#6 /Users/eu/Desktop/WEB/WEBSITES/biblioteca-cakephp/lib/Cake/Controller/Controller.php(957): View->render(NULL, NULL)
#7 /Users/eu/Desktop/WEB/WEBSITES/biblioteca-cakephp/lib/Cake/Routing/Dispatcher.php(193): Controller->render()
#8 /Users/eu/Desktop/WEB/WEBSITES/biblioteca-cakephp/lib/Cake/Routing/Dispatcher.php(161): Dispatcher->_invoke(Object(LivrosController), Object(CakeRequest), Object(CakeResponse))
#9 /Users/eu/Desktop/WEB/WEBSITES/biblioteca-cakephp/app/webroot/index.php(92): Dispatcher->dispatch(Object(CakeRequest), Object(CakeResponse))
#10 {main}
2012-08-24 11:44:27 Error: [MissingHelperException] Helper class BehavioursHelper could not be found.
#0 /Users/eu/Desktop/WEB/WEBSITES/biblioteca-cakephp/lib/Cake/View/HelperCollection.php(62): HelperCollection->load('Behaviours')
#1 /Users/eu/Desktop/WEB/WEBSITES/biblioteca-cakephp/lib/Cake/View/View.php(812): HelperCollection->__isset('Behaviours')
#2 /Users/eu/Desktop/WEB/WEBSITES/biblioteca-cakephp/app/View/Livros/editar.ctp(37): View->__get('Behaviours')
#3 /Users/eu/Desktop/WEB/WEBSITES/biblioteca-cakephp/lib/Cake/View/View.php(920): include('/Users/eu/Deskt...')
#4 /Users/eu/Desktop/WEB/WEBSITES/biblioteca-cakephp/lib/Cake/View/View.php(883): View->_evaluate('/Users/eu/Deskt...', Array)
#5 /Users/eu/Desktop/WEB/WEBSITES/biblioteca-cakephp/lib/Cake/View/View.php(475): View->_render('/Users/eu/Deskt...')
#6 /Users/eu/Desktop/WEB/WEBSITES/biblioteca-cakephp/lib/Cake/Controller/Controller.php(957): View->render(NULL, NULL)
#7 /Users/eu/Desktop/WEB/WEBSITES/biblioteca-cakephp/lib/Cake/Routing/Dispatcher.php(193): Controller->render()
#8 /Users/eu/Desktop/WEB/WEBSITES/biblioteca-cakephp/lib/Cake/Routing/Dispatcher.php(161): Dispatcher->_invoke(Object(LivrosController), Object(CakeRequest), Object(CakeResponse))
#9 /Users/eu/Desktop/WEB/WEBSITES/biblioteca-cakephp/app/webroot/index.php(92): Dispatcher->dispatch(Object(CakeRequest), Object(CakeResponse))
#10 {main}
2012-08-24 11:45:17 Error: [MissingHelperException] Helper class LivroHelper could not be found.
#0 /Users/eu/Desktop/WEB/WEBSITES/biblioteca-cakephp/lib/Cake/View/HelperCollection.php(62): HelperCollection->load('Livro')
#1 /Users/eu/Desktop/WEB/WEBSITES/biblioteca-cakephp/lib/Cake/View/View.php(812): HelperCollection->__isset('Livro')
#2 /Users/eu/Desktop/WEB/WEBSITES/biblioteca-cakephp/app/View/Livros/editar.ctp(37): View->__get('Livro')
#3 /Users/eu/Desktop/WEB/WEBSITES/biblioteca-cakephp/lib/Cake/View/View.php(920): include('/Users/eu/Deskt...')
#4 /Users/eu/Desktop/WEB/WEBSITES/biblioteca-cakephp/lib/Cake/View/View.php(883): View->_evaluate('/Users/eu/Deskt...', Array)
#5 /Users/eu/Desktop/WEB/WEBSITES/biblioteca-cakephp/lib/Cake/View/View.php(475): View->_render('/Users/eu/Deskt...')
#6 /Users/eu/Desktop/WEB/WEBSITES/biblioteca-cakephp/lib/Cake/Controller/Controller.php(957): View->render(NULL, NULL)
#7 /Users/eu/Desktop/WEB/WEBSITES/biblioteca-cakephp/lib/Cake/Routing/Dispatcher.php(193): Controller->render()
#8 /Users/eu/Desktop/WEB/WEBSITES/biblioteca-cakephp/lib/Cake/Routing/Dispatcher.php(161): Dispatcher->_invoke(Object(LivrosController), Object(CakeRequest), Object(CakeResponse))
#9 /Users/eu/Desktop/WEB/WEBSITES/biblioteca-cakephp/app/webroot/index.php(92): Dispatcher->dispatch(Object(CakeRequest), Object(CakeResponse))
#10 {main}
2012-08-24 11:46:52 Error: [MissingHelperException] Helper class LivroHelper could not be found.
#0 /Users/eu/Desktop/WEB/WEBSITES/biblioteca-cakephp/lib/Cake/View/HelperCollection.php(62): HelperCollection->load('Livro')
#1 /Users/eu/Desktop/WEB/WEBSITES/biblioteca-cakephp/lib/Cake/View/View.php(812): HelperCollection->__isset('Livro')
#2 /Users/eu/Desktop/WEB/WEBSITES/biblioteca-cakephp/app/View/Livros/editar.ctp(37): View->__get('Livro')
#3 /Users/eu/Desktop/WEB/WEBSITES/biblioteca-cakephp/lib/Cake/View/View.php(920): include('/Users/eu/Deskt...')
#4 /Users/eu/Desktop/WEB/WEBSITES/biblioteca-cakephp/lib/Cake/View/View.php(883): View->_evaluate('/Users/eu/Deskt...', Array)
#5 /Users/eu/Desktop/WEB/WEBSITES/biblioteca-cakephp/lib/Cake/View/View.php(475): View->_render('/Users/eu/Deskt...')
#6 /Users/eu/Desktop/WEB/WEBSITES/biblioteca-cakephp/lib/Cake/Controller/Controller.php(957): View->render(NULL, NULL)
#7 /Users/eu/Desktop/WEB/WEBSITES/biblioteca-cakephp/lib/Cake/Routing/Dispatcher.php(193): Controller->render()
#8 /Users/eu/Desktop/WEB/WEBSITES/biblioteca-cakephp/lib/Cake/Routing/Dispatcher.php(161): Dispatcher->_invoke(Object(LivrosController), Object(CakeRequest), Object(CakeResponse))
#9 /Users/eu/Desktop/WEB/WEBSITES/biblioteca-cakephp/app/webroot/index.php(92): Dispatcher->dispatch(Object(CakeRequest), Object(CakeResponse))
#10 {main}
2012-08-24 11:47:01 Error: [MissingHelperException] Helper class MeioUploadHelper could not be found.
#0 /Users/eu/Desktop/WEB/WEBSITES/biblioteca-cakephp/lib/Cake/View/HelperCollection.php(62): HelperCollection->load('MeioUpload')
#1 /Users/eu/Desktop/WEB/WEBSITES/biblioteca-cakephp/lib/Cake/View/View.php(812): HelperCollection->__isset('MeioUpload')
#2 /Users/eu/Desktop/WEB/WEBSITES/biblioteca-cakephp/app/View/Livros/editar.ctp(37): View->__get('MeioUpload')
#3 /Users/eu/Desktop/WEB/WEBSITES/biblioteca-cakephp/lib/Cake/View/View.php(920): include('/Users/eu/Deskt...')
#4 /Users/eu/Desktop/WEB/WEBSITES/biblioteca-cakephp/lib/Cake/View/View.php(883): View->_evaluate('/Users/eu/Deskt...', Array)
#5 /Users/eu/Desktop/WEB/WEBSITES/biblioteca-cakephp/lib/Cake/View/View.php(475): View->_render('/Users/eu/Deskt...')
#6 /Users/eu/Desktop/WEB/WEBSITES/biblioteca-cakephp/lib/Cake/Controller/Controller.php(957): View->render(NULL, NULL)
#7 /Users/eu/Desktop/WEB/WEBSITES/biblioteca-cakephp/lib/Cake/Routing/Dispatcher.php(193): Controller->render()
#8 /Users/eu/Desktop/WEB/WEBSITES/biblioteca-cakephp/lib/Cake/Routing/Dispatcher.php(161): Dispatcher->_invoke(Object(LivrosController), Object(CakeRequest), Object(CakeResponse))
#9 /Users/eu/Desktop/WEB/WEBSITES/biblioteca-cakephp/app/webroot/index.php(92): Dispatcher->dispatch(Object(CakeRequest), Object(CakeResponse))
#10 {main}
2012-08-24 11:47:06 Error: [MissingHelperException] Helper class BehaviorsHelper could not be found.
#0 /Users/eu/Desktop/WEB/WEBSITES/biblioteca-cakephp/lib/Cake/View/HelperCollection.php(62): HelperCollection->load('Behaviors')
#1 /Users/eu/Desktop/WEB/WEBSITES/biblioteca-cakephp/lib/Cake/View/View.php(812): HelperCollection->__isset('Behaviors')
#2 /Users/eu/Desktop/WEB/WEBSITES/biblioteca-cakephp/app/View/Livros/editar.ctp(37): View->__get('Behaviors')
#3 /Users/eu/Desktop/WEB/WEBSITES/biblioteca-cakephp/lib/Cake/View/View.php(920): include('/Users/eu/Deskt...')
#4 /Users/eu/Desktop/WEB/WEBSITES/biblioteca-cakephp/lib/Cake/View/View.php(883): View->_evaluate('/Users/eu/Deskt...', Array)
#5 /Users/eu/Desktop/WEB/WEBSITES/biblioteca-cakephp/lib/Cake/View/View.php(475): View->_render('/Users/eu/Deskt...')
#6 /Users/eu/Desktop/WEB/WEBSITES/biblioteca-cakephp/lib/Cake/Controller/Controller.php(957): View->render(NULL, NULL)
#7 /Users/eu/Desktop/WEB/WEBSITES/biblioteca-cakephp/lib/Cake/Routing/Dispatcher.php(193): Controller->render()
#8 /Users/eu/Desktop/WEB/WEBSITES/biblioteca-cakephp/lib/Cake/Routing/Dispatcher.php(161): Dispatcher->_invoke(Object(LivrosController), Object(CakeRequest), Object(CakeResponse))
#9 /Users/eu/Desktop/WEB/WEBSITES/biblioteca-cakephp/app/webroot/index.php(92): Dispatcher->dispatch(Object(CakeRequest), Object(CakeResponse))
#10 {main}
2012-08-24 11:47:12 Error: [MissingHelperException] Helper class LivrosHelper could not be found.
#0 /Users/eu/Desktop/WEB/WEBSITES/biblioteca-cakephp/lib/Cake/View/HelperCollection.php(62): HelperCollection->load('Livros')
#1 /Users/eu/Desktop/WEB/WEBSITES/biblioteca-cakephp/lib/Cake/View/View.php(812): HelperCollection->__isset('Livros')
#2 /Users/eu/Desktop/WEB/WEBSITES/biblioteca-cakephp/app/View/Livros/editar.ctp(37): View->__get('Livros')
#3 /Users/eu/Desktop/WEB/WEBSITES/biblioteca-cakephp/lib/Cake/View/View.php(920): include('/Users/eu/Deskt...')
#4 /Users/eu/Desktop/WEB/WEBSITES/biblioteca-cakephp/lib/Cake/View/View.php(883): View->_evaluate('/Users/eu/Deskt...', Array)
#5 /Users/eu/Desktop/WEB/WEBSITES/biblioteca-cakephp/lib/Cake/View/View.php(475): View->_render('/Users/eu/Deskt...')
#6 /Users/eu/Desktop/WEB/WEBSITES/biblioteca-cakephp/lib/Cake/Controller/Controller.php(957): View->render(NULL, NULL)
#7 /Users/eu/Desktop/WEB/WEBSITES/biblioteca-cakephp/lib/Cake/Routing/Dispatcher.php(193): Controller->render()
#8 /Users/eu/Desktop/WEB/WEBSITES/biblioteca-cakephp/lib/Cake/Routing/Dispatcher.php(161): Dispatcher->_invoke(Object(LivrosController), Object(CakeRequest), Object(CakeResponse))
#9 /Users/eu/Desktop/WEB/WEBSITES/biblioteca-cakephp/app/webroot/index.php(92): Dispatcher->dispatch(Object(CakeRequest), Object(CakeResponse))
#10 {main}
2012-08-24 11:47:15 Error: [MissingHelperException] Helper class LivroHelper could not be found.
#0 /Users/eu/Desktop/WEB/WEBSITES/biblioteca-cakephp/lib/Cake/View/HelperCollection.php(62): HelperCollection->load('Livro')
#1 /Users/eu/Desktop/WEB/WEBSITES/biblioteca-cakephp/lib/Cake/View/View.php(812): HelperCollection->__isset('Livro')
#2 /Users/eu/Desktop/WEB/WEBSITES/biblioteca-cakephp/app/View/Livros/editar.ctp(37): View->__get('Livro')
#3 /Users/eu/Desktop/WEB/WEBSITES/biblioteca-cakephp/lib/Cake/View/View.php(920): include('/Users/eu/Deskt...')
#4 /Users/eu/Desktop/WEB/WEBSITES/biblioteca-cakephp/lib/Cake/View/View.php(883): View->_evaluate('/Users/eu/Deskt...', Array)
#5 /Users/eu/Desktop/WEB/WEBSITES/biblioteca-cakephp/lib/Cake/View/View.php(475): View->_render('/Users/eu/Deskt...')
#6 /Users/eu/Desktop/WEB/WEBSITES/biblioteca-cakephp/lib/Cake/Controller/Controller.php(957): View->render(NULL, NULL)
#7 /Users/eu/Desktop/WEB/WEBSITES/biblioteca-cakephp/lib/Cake/Routing/Dispatcher.php(193): Controller->render()
#8 /Users/eu/Desktop/WEB/WEBSITES/biblioteca-cakephp/lib/Cake/Routing/Dispatcher.php(161): Dispatcher->_invoke(Object(LivrosController), Object(CakeRequest), Object(CakeResponse))
#9 /Users/eu/Desktop/WEB/WEBSITES/biblioteca-cakephp/app/webroot/index.php(92): Dispatcher->dispatch(Object(CakeRequest), Object(CakeResponse))
#10 {main}
2012-08-24 11:49:46 Error: [MissingHelperException] Helper class LivroHelper could not be found.
#0 /Users/eu/Desktop/WEB/WEBSITES/biblioteca-cakephp/lib/Cake/View/HelperCollection.php(62): HelperCollection->load('Livro')
#1 /Users/eu/Desktop/WEB/WEBSITES/biblioteca-cakephp/lib/Cake/View/View.php(812): HelperCollection->__isset('Livro')
#2 /Users/eu/Desktop/WEB/WEBSITES/biblioteca-cakephp/app/View/Livros/editar.ctp(37): View->__get('Livro')
#3 /Users/eu/Desktop/WEB/WEBSITES/biblioteca-cakephp/lib/Cake/View/View.php(920): include('/Users/eu/Deskt...')
#4 /Users/eu/Desktop/WEB/WEBSITES/biblioteca-cakephp/lib/Cake/View/View.php(883): View->_evaluate('/Users/eu/Deskt...', Array)
#5 /Users/eu/Desktop/WEB/WEBSITES/biblioteca-cakephp/lib/Cake/View/View.php(475): View->_render('/Users/eu/Deskt...')
#6 /Users/eu/Desktop/WEB/WEBSITES/biblioteca-cakephp/lib/Cake/Controller/Controller.php(957): View->render(NULL, NULL)
#7 /Users/eu/Desktop/WEB/WEBSITES/biblioteca-cakephp/lib/Cake/Routing/Dispatcher.php(193): Controller->render()
#8 /Users/eu/Desktop/WEB/WEBSITES/biblioteca-cakephp/lib/Cake/Routing/Dispatcher.php(161): Dispatcher->_invoke(Object(LivrosController), Object(CakeRequest), Object(CakeResponse))
#9 /Users/eu/Desktop/WEB/WEBSITES/biblioteca-cakephp/app/webroot/index.php(92): Dispatcher->dispatch(Object(CakeRequest), Object(CakeResponse))
#10 {main}
2012-08-24 11:49:48 Error: [MissingHelperException] Helper class LivroHelper could not be found.
#0 /Users/eu/Desktop/WEB/WEBSITES/biblioteca-cakephp/lib/Cake/View/HelperCollection.php(62): HelperCollection->load('Livro')
#1 /Users/eu/Desktop/WEB/WEBSITES/biblioteca-cakephp/lib/Cake/View/View.php(812): HelperCollection->__isset('Livro')
#2 /Users/eu/Desktop/WEB/WEBSITES/biblioteca-cakephp/app/View/Livros/editar.ctp(37): View->__get('Livro')
#3 /Users/eu/Desktop/WEB/WEBSITES/biblioteca-cakephp/lib/Cake/View/View.php(920): include('/Users/eu/Deskt...')
#4 /Users/eu/Desktop/WEB/WEBSITES/biblioteca-cakephp/lib/Cake/View/View.php(883): View->_evaluate('/Users/eu/Deskt...', Array)
#5 /Users/eu/Desktop/WEB/WEBSITES/biblioteca-cakephp/lib/Cake/View/View.php(475): View->_render('/Users/eu/Deskt...')
#6 /Users/eu/Desktop/WEB/WEBSITES/biblioteca-cakephp/lib/Cake/Controller/Controller.php(957): View->render(NULL, NULL)
#7 /Users/eu/Desktop/WEB/WEBSITES/biblioteca-cakephp/lib/Cake/Routing/Dispatcher.php(193): Controller->render()
#8 /Users/eu/Desktop/WEB/WEBSITES/biblioteca-cakephp/lib/Cake/Routing/Dispatcher.php(161): Dispatcher->_invoke(Object(LivrosController), Object(CakeRequest), Object(CakeResponse))
#9 /Users/eu/Desktop/WEB/WEBSITES/biblioteca-cakephp/app/webroot/index.php(92): Dispatcher->dispatch(Object(CakeRequest), Object(CakeResponse))
#10 {main}
2012-08-24 11:50:20 Error: [MissingHelperException] Helper class LivroHelper could not be found.
#0 /Users/eu/Desktop/WEB/WEBSITES/biblioteca-cakephp/lib/Cake/View/HelperCollection.php(62): HelperCollection->load('Livro')
#1 /Users/eu/Desktop/WEB/WEBSITES/biblioteca-cakephp/lib/Cake/View/View.php(812): HelperCollection->__isset('Livro')
#2 /Users/eu/Desktop/WEB/WEBSITES/biblioteca-cakephp/app/View/Livros/editar.ctp(37): View->__get('Livro')
#3 /Users/eu/Desktop/WEB/WEBSITES/biblioteca-cakephp/lib/Cake/View/View.php(920): include('/Users/eu/Deskt...')
#4 /Users/eu/Desktop/WEB/WEBSITES/biblioteca-cakephp/lib/Cake/View/View.php(883): View->_evaluate('/Users/eu/Deskt...', Array)
#5 /Users/eu/Desktop/WEB/WEBSITES/biblioteca-cakephp/lib/Cake/View/View.php(475): View->_render('/Users/eu/Deskt...')
#6 /Users/eu/Desktop/WEB/WEBSITES/biblioteca-cakephp/lib/Cake/Controller/Controller.php(957): View->render(NULL, NULL)
#7 /Users/eu/Desktop/WEB/WEBSITES/biblioteca-cakephp/lib/Cake/Routing/Dispatcher.php(193): Controller->render()
#8 /Users/eu/Desktop/WEB/WEBSITES/biblioteca-cakephp/lib/Cake/Routing/Dispatcher.php(161): Dispatcher->_invoke(Object(LivrosController), Object(CakeRequest), Object(CakeResponse))
#9 /Users/eu/Desktop/WEB/WEBSITES/biblioteca-cakephp/app/webroot/index.php(92): Dispatcher->dispatch(Object(CakeRequest), Object(CakeResponse))
#10 {main}
